{"C:\\Users\\nicole.l.castro\\Downloads\\PROJECTS\\Node\\bars-service.nicole.l.castro\\src\\services\\fileReader.js": {"path":"C:\\Users\\nicole.l.castro\\Downloads\\PROJECTS\\Node\\bars-service.nicole.l.castro\\src\\services\\fileReader.js","statementMap":{"0":{"start":{"line":1,"column":11},"end":{"line":1,"column":24}},"1":{"start":{"line":2,"column":13},"end":{"line":2,"column":28}},"2":{"start":{"line":5,"column":16},"end":{"line":5,"column":29}},"3":{"start":{"line":6,"column":4},"end":{"line":6,"column":58}},"4":{"start":{"line":10,"column":4},"end":{"line":10,"column":45}},"5":{"start":{"line":10,"column":32},"end":{"line":10,"column":45}},"6":{"start":{"line":11,"column":15},"end":{"line":11,"column":44}},"7":{"start":{"line":12,"column":15},"end":{"line":12,"column":44}},"8":{"start":{"line":13,"column":17},"end":{"line":13,"column":46}},"9":{"start":{"line":15,"column":17},"end":{"line":15,"column":53}},"10":{"start":{"line":16,"column":4},"end":{"line":20,"column":6}},"11":{"start":{"line":24,"column":4},"end":{"line":26,"column":5}},"12":{"start":{"line":25,"column":8},"end":{"line":25,"column":71}},"13":{"start":{"line":28,"column":20},"end":{"line":28,"column":60}},"14":{"start":{"line":29,"column":4},"end":{"line":31,"column":5}},"15":{"start":{"line":30,"column":8},"end":{"line":30,"column":70}},"16":{"start":{"line":33,"column":18},"end":{"line":33,"column":40}},"17":{"start":{"line":34,"column":21},"end":{"line":34,"column":23}},"18":{"start":{"line":36,"column":4},"end":{"line":73,"column":5}},"19":{"start":{"line":36,"column":17},"end":{"line":36,"column":18}},"20":{"start":{"line":37,"column":20},"end":{"line":37,"column":25}},"21":{"start":{"line":38,"column":21},"end":{"line":38,"column":36}},"22":{"start":{"line":40,"column":8},"end":{"line":42,"column":9}},"23":{"start":{"line":41,"column":12},"end":{"line":41,"column":79}},"24":{"start":{"line":44,"column":29},"end":{"line":44,"column":49}},"25":{"start":{"line":45,"column":29},"end":{"line":45,"column":50}},"26":{"start":{"line":46,"column":27},"end":{"line":46,"column":49}},"27":{"start":{"line":48,"column":8},"end":{"line":50,"column":9}},"28":{"start":{"line":49,"column":12},"end":{"line":49,"column":80}},"29":{"start":{"line":52,"column":8},"end":{"line":54,"column":9}},"30":{"start":{"line":53,"column":12},"end":{"line":53,"column":79}},"31":{"start":{"line":56,"column":8},"end":{"line":58,"column":9}},"32":{"start":{"line":57,"column":12},"end":{"line":57,"column":77}},"33":{"start":{"line":60,"column":8},"end":{"line":72,"column":11}},"34":{"start":{"line":75,"column":4},"end":{"line":75,"column":20}},"35":{"start":{"line":79,"column":4},"end":{"line":79,"column":63}},"36":{"start":{"line":79,"column":50},"end":{"line":79,"column":63}},"37":{"start":{"line":80,"column":27},"end":{"line":80,"column":55}},"38":{"start":{"line":81,"column":17},"end":{"line":81,"column":53}},"39":{"start":{"line":82,"column":4},"end":{"line":86,"column":6}},"40":{"start":{"line":90,"column":4},"end":{"line":92,"column":5}},"41":{"start":{"line":91,"column":8},"end":{"line":91,"column":71}},"42":{"start":{"line":94,"column":20},"end":{"line":94,"column":60}},"43":{"start":{"line":95,"column":4},"end":{"line":97,"column":5}},"44":{"start":{"line":96,"column":8},"end":{"line":96,"column":70}},"45":{"start":{"line":99,"column":18},"end":{"line":99,"column":40}},"46":{"start":{"line":100,"column":21},"end":{"line":100,"column":23}},"47":{"start":{"line":102,"column":4},"end":{"line":134,"column":5}},"48":{"start":{"line":102,"column":17},"end":{"line":102,"column":18}},"49":{"start":{"line":103,"column":20},"end":{"line":103,"column":25}},"50":{"start":{"line":104,"column":22},"end":{"line":104,"column":41}},"51":{"start":{"line":106,"column":8},"end":{"line":108,"column":9}},"52":{"start":{"line":107,"column":12},"end":{"line":107,"column":79}},"53":{"start":{"line":110,"column":29},"end":{"line":110,"column":44}},"54":{"start":{"line":111,"column":29},"end":{"line":111,"column":44}},"55":{"start":{"line":112,"column":27},"end":{"line":112,"column":42}},"56":{"start":{"line":114,"column":8},"end":{"line":116,"column":9}},"57":{"start":{"line":115,"column":12},"end":{"line":115,"column":80}},"58":{"start":{"line":118,"column":8},"end":{"line":120,"column":9}},"59":{"start":{"line":119,"column":12},"end":{"line":119,"column":79}},"60":{"start":{"line":122,"column":8},"end":{"line":124,"column":9}},"61":{"start":{"line":123,"column":12},"end":{"line":123,"column":77}},"62":{"start":{"line":126,"column":29},"end":{"line":126,"column":64}},"63":{"start":{"line":127,"column":29},"end":{"line":127,"column":62}},"64":{"start":{"line":129,"column":8},"end":{"line":133,"column":11}},"65":{"start":{"line":136,"column":4},"end":{"line":136,"column":20}},"66":{"start":{"line":140,"column":0},"end":{"line":143,"column":2}}},"fnMap":{"0":{"name":"isValidBillingCycle","decl":{"start":{"line":4,"column":9},"end":{"line":4,"column":28}},"loc":{"start":{"line":4,"column":36},"end":{"line":7,"column":1}},"line":4},"1":{"name":"isValidTxtDate","decl":{"start":{"line":9,"column":9},"end":{"line":9,"column":23}},"loc":{"start":{"line":9,"column":31},"end":{"line":21,"column":1}},"line":9},"2":{"name":"readTxt","decl":{"start":{"line":23,"column":9},"end":{"line":23,"column":16}},"loc":{"start":{"line":23,"column":27},"end":{"line":76,"column":1}},"line":23},"3":{"name":"isValidCsvDate","decl":{"start":{"line":78,"column":9},"end":{"line":78,"column":23}},"loc":{"start":{"line":78,"column":31},"end":{"line":87,"column":1}},"line":78},"4":{"name":"readCsv","decl":{"start":{"line":89,"column":9},"end":{"line":89,"column":16}},"loc":{"start":{"line":89,"column":27},"end":{"line":137,"column":1}},"line":89}},"branchMap":{"0":{"loc":{"start":{"line":6,"column":11},"end":{"line":6,"column":57}},"type":"binary-expr","locations":[{"start":{"line":6,"column":11},"end":{"line":6,"column":32}},{"start":{"line":6,"column":36},"end":{"line":6,"column":44}},{"start":{"line":6,"column":48},"end":{"line":6,"column":57}}],"line":6},"1":{"loc":{"start":{"line":10,"column":4},"end":{"line":10,"column":45}},"type":"if","locations":[{"start":{"line":10,"column":4},"end":{"line":10,"column":45}},{"start":{},"end":{}}],"line":10},"2":{"loc":{"start":{"line":17,"column":8},"end":{"line":19,"column":32}},"type":"binary-expr","locations":[{"start":{"line":17,"column":8},"end":{"line":17,"column":38}},{"start":{"line":18,"column":8},"end":{"line":18,"column":37}},{"start":{"line":19,"column":8},"end":{"line":19,"column":32}}],"line":17},"3":{"loc":{"start":{"line":24,"column":4},"end":{"line":26,"column":5}},"type":"if","locations":[{"start":{"line":24,"column":4},"end":{"line":26,"column":5}},{"start":{},"end":{}}],"line":24},"4":{"loc":{"start":{"line":29,"column":4},"end":{"line":31,"column":5}},"type":"if","locations":[{"start":{"line":29,"column":4},"end":{"line":31,"column":5}},{"start":{},"end":{}}],"line":29},"5":{"loc":{"start":{"line":40,"column":8},"end":{"line":42,"column":9}},"type":"if","locations":[{"start":{"line":40,"column":8},"end":{"line":42,"column":9}},{"start":{},"end":{}}],"line":40},"6":{"loc":{"start":{"line":48,"column":8},"end":{"line":50,"column":9}},"type":"if","locations":[{"start":{"line":48,"column":8},"end":{"line":50,"column":9}},{"start":{},"end":{}}],"line":48},"7":{"loc":{"start":{"line":52,"column":8},"end":{"line":54,"column":9}},"type":"if","locations":[{"start":{"line":52,"column":8},"end":{"line":54,"column":9}},{"start":{},"end":{}}],"line":52},"8":{"loc":{"start":{"line":56,"column":8},"end":{"line":58,"column":9}},"type":"if","locations":[{"start":{"line":56,"column":8},"end":{"line":58,"column":9}},{"start":{},"end":{}}],"line":56},"9":{"loc":{"start":{"line":79,"column":4},"end":{"line":79,"column":63}},"type":"if","locations":[{"start":{"line":79,"column":4},"end":{"line":79,"column":63}},{"start":{},"end":{}}],"line":79},"10":{"loc":{"start":{"line":83,"column":8},"end":{"line":85,"column":32}},"type":"binary-expr","locations":[{"start":{"line":83,"column":8},"end":{"line":83,"column":38}},{"start":{"line":84,"column":8},"end":{"line":84,"column":37}},{"start":{"line":85,"column":8},"end":{"line":85,"column":32}}],"line":83},"11":{"loc":{"start":{"line":90,"column":4},"end":{"line":92,"column":5}},"type":"if","locations":[{"start":{"line":90,"column":4},"end":{"line":92,"column":5}},{"start":{},"end":{}}],"line":90},"12":{"loc":{"start":{"line":95,"column":4},"end":{"line":97,"column":5}},"type":"if","locations":[{"start":{"line":95,"column":4},"end":{"line":97,"column":5}},{"start":{},"end":{}}],"line":95},"13":{"loc":{"start":{"line":106,"column":8},"end":{"line":108,"column":9}},"type":"if","locations":[{"start":{"line":106,"column":8},"end":{"line":108,"column":9}},{"start":{},"end":{}}],"line":106},"14":{"loc":{"start":{"line":114,"column":8},"end":{"line":116,"column":9}},"type":"if","locations":[{"start":{"line":114,"column":8},"end":{"line":116,"column":9}},{"start":{},"end":{}}],"line":114},"15":{"loc":{"start":{"line":118,"column":8},"end":{"line":120,"column":9}},"type":"if","locations":[{"start":{"line":118,"column":8},"end":{"line":120,"column":9}},{"start":{},"end":{}}],"line":118},"16":{"loc":{"start":{"line":122,"column":8},"end":{"line":124,"column":9}},"type":"if","locations":[{"start":{"line":122,"column":8},"end":{"line":124,"column":9}},{"start":{},"end":{}}],"line":122}},"s":{"0":1,"1":1,"2":25,"3":25,"4":17,"5":2,"6":15,"7":15,"8":15,"9":15,"10":15,"11":6,"12":0,"13":6,"14":6,"15":1,"16":5,"17":5,"18":5,"19":5,"20":10,"21":10,"22":10,"23":0,"24":10,"25":10,"26":10,"27":10,"28":1,"29":9,"30":1,"31":8,"32":1,"33":7,"34":2,"35":27,"36":2,"37":25,"38":25,"39":25,"40":6,"41":0,"42":6,"43":6,"44":1,"45":5,"46":5,"47":5,"48":5,"49":15,"50":15,"51":15,"52":0,"53":15,"54":15,"55":15,"56":15,"57":1,"58":14,"59":1,"60":13,"61":1,"62":12,"63":12,"64":12,"65":2,"66":1},"f":{"0":25,"1":17,"2":6,"3":27,"4":6},"b":{"0":[25,25,25],"1":[2,15],"2":[15,15,15],"3":[0,6],"4":[1,5],"5":[0,10],"6":[1,9],"7":[1,8],"8":[1,7],"9":[2,25],"10":[25,25,25],"11":[0,6],"12":[1,5],"13":[0,15],"14":[1,14],"15":[1,13],"16":[1,12]},"_coverageSchema":"1a1c01bbd47fc00a2c39e90264f33305004495a9","hash":"6d8cc8edab0d05935f956bca1c97a7f6a9485a00"}
}
