TN:
SF:src\services\fileReader.js
FN:4,isValidBillingCycle
FN:9,isValidTxtDate
FN:23,readTxt
FN:78,isValidCsvDate
FN:89,readCsv
FNF:5
FNH:5
FNDA:25,isValidBillingCycle
FNDA:17,isValidTxtDate
FNDA:6,readTxt
FNDA:27,isValidCsvDate
FNDA:6,readCsv
DA:1,1
DA:2,1
DA:5,25
DA:6,25
DA:10,17
DA:11,15
DA:12,15
DA:13,15
DA:15,15
DA:16,15
DA:24,6
DA:25,0
DA:28,6
DA:29,6
DA:30,1
DA:33,5
DA:34,5
DA:36,5
DA:37,10
DA:38,10
DA:40,10
DA:41,0
DA:44,10
DA:45,10
DA:46,10
DA:48,10
DA:49,1
DA:52,9
DA:53,1
DA:56,8
DA:57,1
DA:60,7
DA:75,2
DA:79,27
DA:80,25
DA:81,25
DA:82,25
DA:90,6
DA:91,0
DA:94,6
DA:95,6
DA:96,1
DA:99,5
DA:100,5
DA:102,5
DA:103,15
DA:104,15
DA:106,15
DA:107,0
DA:110,15
DA:111,15
DA:112,15
DA:114,15
DA:115,1
DA:118,14
DA:119,1
DA:122,13
DA:123,1
DA:126,12
DA:127,12
DA:129,12
DA:136,2
DA:140,1
LF:63
LH:59
BRDA:6,0,0,25
BRDA:6,0,1,25
BRDA:6,0,2,25
BRDA:10,1,0,2
BRDA:10,1,1,15
BRDA:17,2,0,15
BRDA:17,2,1,15
BRDA:17,2,2,15
BRDA:24,3,0,0
BRDA:24,3,1,6
BRDA:29,4,0,1
BRDA:29,4,1,5
BRDA:40,5,0,0
BRDA:40,5,1,10
BRDA:48,6,0,1
BRDA:48,6,1,9
BRDA:52,7,0,1
BRDA:52,7,1,8
BRDA:56,8,0,1
BRDA:56,8,1,7
BRDA:79,9,0,2
BRDA:79,9,1,25
BRDA:83,10,0,25
BRDA:83,10,1,25
BRDA:83,10,2,25
BRDA:90,11,0,0
BRDA:90,11,1,6
BRDA:95,12,0,1
BRDA:95,12,1,5
BRDA:106,13,0,0
BRDA:106,13,1,15
BRDA:114,14,0,1
BRDA:114,14,1,14
BRDA:118,15,0,1
BRDA:118,15,1,13
BRDA:122,16,0,1
BRDA:122,16,1,12
BRF:37
BRH:33
end_of_record
